{"C:\\Users\\tomas\\Desktop\\Desarrollo\\Postulaciones\\reign\\server\\controllers\\endpoint.js": {"path":"C:\\Users\\tomas\\Desktop\\Desarrollo\\Postulaciones\\reign\\server\\controllers\\endpoint.js","statementMap":{"0":{"start":{"line":2,"column":26},"end":{"line":2,"column":59}},"1":{"start":{"line":4,"column":30},"end":{"line":13,"column":1}},"2":{"start":{"line":5,"column":4},"end":{"line":12,"column":5}},"3":{"start":{"line":6,"column":25},"end":{"line":6,"column":68}},"4":{"start":{"line":7,"column":8},"end":{"line":7,"column":39}},"5":{"start":{"line":9,"column":8},"end":{"line":11,"column":11}},"6":{"start":{"line":15,"column":24},"end":{"line":24,"column":1}},"7":{"start":{"line":16,"column":4},"end":{"line":23,"column":5}},"8":{"start":{"line":17,"column":25},"end":{"line":17,"column":70}},"9":{"start":{"line":18,"column":8},"end":{"line":18,"column":39}},"10":{"start":{"line":20,"column":8},"end":{"line":22,"column":11}},"11":{"start":{"line":26,"column":0},"end":{"line":26,"column":58}}},"fnMap":{"0":{"name":"(anonymous_0)","decl":{"start":{"line":4,"column":30},"end":{"line":4,"column":31}},"loc":{"start":{"line":4,"column":50},"end":{"line":13,"column":1}},"line":4},"1":{"name":"(anonymous_1)","decl":{"start":{"line":15,"column":24},"end":{"line":15,"column":25}},"loc":{"start":{"line":15,"column":44},"end":{"line":24,"column":1}},"line":15}},"branchMap":{},"s":{"0":1,"1":1,"2":2,"3":2,"4":1,"5":0,"6":1,"7":1,"8":1,"9":0,"10":0,"11":1},"f":{"0":2,"1":1},"b":{},"_coverageSchema":"1a1c01bbd47fc00a2c39e90264f33305004495a9","hash":"06f490c047ec6b3a3ae59a0f6691fa0b9c5887af"}
,"C:\\Users\\tomas\\Desktop\\Desarrollo\\Postulaciones\\reign\\server\\db\\models\\Article.js": {"path":"C:\\Users\\tomas\\Desktop\\Desarrollo\\Postulaciones\\reign\\server\\db\\models\\Article.js","statementMap":{"0":{"start":{"line":1,"column":17},"end":{"line":1,"column":36}},"1":{"start":{"line":3,"column":22},"end":{"line":37,"column":2}},"2":{"start":{"line":39,"column":0},"end":{"line":39,"column":58}}},"fnMap":{},"branchMap":{},"s":{"0":2,"1":2,"2":2},"f":{},"b":{},"_coverageSchema":"1a1c01bbd47fc00a2c39e90264f33305004495a9","hash":"345f53286119d8ca02d5a76b6883f3c3258275fc"}
,"C:\\Users\\tomas\\Desktop\\Desarrollo\\Postulaciones\\reign\\server\\services\\hackerNews.js": {"path":"C:\\Users\\tomas\\Desktop\\Desarrollo\\Postulaciones\\reign\\server\\services\\hackerNews.js","statementMap":{"0":{"start":{"line":1,"column":14},"end":{"line":1,"column":35}},"1":{"start":{"line":2,"column":16},"end":{"line":2,"column":47}},"2":{"start":{"line":3,"column":24},"end":{"line":3,"column":83}},"3":{"start":{"line":7,"column":4},"end":{"line":12,"column":5}},"4":{"start":{"line":8,"column":25},"end":{"line":8,"column":53}},"5":{"start":{"line":9,"column":8},"end":{"line":9,"column":36}},"6":{"start":{"line":11,"column":8},"end":{"line":11,"column":27}},"7":{"start":{"line":16,"column":4},"end":{"line":16,"column":43}},"8":{"start":{"line":17,"column":4},"end":{"line":17,"column":32}},"9":{"start":{"line":18,"column":4},"end":{"line":34,"column":5}},"10":{"start":{"line":19,"column":8},"end":{"line":33,"column":9}},"11":{"start":{"line":20,"column":28},"end":{"line":29,"column":14}},"12":{"start":{"line":30,"column":12},"end":{"line":30,"column":44}},"13":{"start":{"line":32,"column":12},"end":{"line":32,"column":27}},"14":{"start":{"line":35,"column":4},"end":{"line":35,"column":21}},"15":{"start":{"line":39,"column":21},"end":{"line":39,"column":41}},"16":{"start":{"line":40,"column":4},"end":{"line":40,"column":20}},"17":{"start":{"line":44,"column":4},"end":{"line":48,"column":5}},"18":{"start":{"line":45,"column":8},"end":{"line":45,"column":44}},"19":{"start":{"line":47,"column":8},"end":{"line":47,"column":23}},"20":{"start":{"line":51,"column":0},"end":{"line":51,"column":73}}},"fnMap":{"0":{"name":"saveHackerNewsPosts","decl":{"start":{"line":5,"column":15},"end":{"line":5,"column":34}},"loc":{"start":{"line":5,"column":37},"end":{"line":36,"column":1}},"line":5},"1":{"name":"getHackerNewPosts","decl":{"start":{"line":38,"column":15},"end":{"line":38,"column":32}},"loc":{"start":{"line":38,"column":35},"end":{"line":41,"column":1}},"line":38},"2":{"name":"deleteAllData","decl":{"start":{"line":43,"column":15},"end":{"line":43,"column":28}},"loc":{"start":{"line":43,"column":31},"end":{"line":49,"column":1}},"line":43}},"branchMap":{},"s":{"0":2,"1":2,"2":2,"3":1,"4":1,"5":0,"6":0,"7":0,"8":0,"9":0,"10":0,"11":0,"12":0,"13":0,"14":0,"15":1,"16":0,"17":0,"18":0,"19":0,"20":2},"f":{"0":1,"1":1,"2":0},"b":{},"_coverageSchema":"1a1c01bbd47fc00a2c39e90264f33305004495a9","hash":"5a726ae06d071b8fa222e2e37814c122ac4153c1"}
}
