TN:
SF:controllers\endpoint.js
FN:4,(anonymous_0)
FN:15,(anonymous_1)
FNF:2
FNH:2
FNDA:2,(anonymous_0)
FNDA:1,(anonymous_1)
DA:2,1
DA:4,1
DA:5,2
DA:6,2
DA:7,1
DA:9,0
DA:15,1
DA:16,1
DA:17,1
DA:18,0
DA:20,0
DA:26,1
LF:12
LH:9
BRF:0
BRH:0
end_of_record
TN:
SF:db\models\Article.js
FNF:0
FNH:0
DA:1,2
DA:3,2
DA:39,2
LF:3
LH:3
BRF:0
BRH:0
end_of_record
TN:
SF:services\hackerNews.js
FN:5,saveHackerNewsPosts
FN:38,getHackerNewPosts
FN:43,deleteAllData
FNF:3
FNH:2
FNDA:1,saveHackerNewsPosts
FNDA:1,getHackerNewPosts
FNDA:0,deleteAllData
DA:1,2
DA:2,2
DA:3,2
DA:7,1
DA:8,1
DA:9,0
DA:11,0
DA:16,0
DA:17,0
DA:18,0
DA:19,0
DA:20,0
DA:30,0
DA:32,0
DA:35,0
DA:39,1
DA:40,0
DA:44,0
DA:45,0
DA:47,0
DA:51,2
LF:21
LH:7
BRF:0
BRH:0
end_of_record
